The system is: Darwin - 23.0.0 - x86_64
Compiling the C compiler identification source file "CMakeCCompilerId.c" succeeded.
Compiler: /Users/pavelbednar/miniconda3/bin/x86_64-apple-darwin13.4.0-clang 
Build flags: -march=core2;-mtune=haswell;-mssse3;-ftree-vectorize;-fPIC;-fPIE;-fstack-protector-strong;-O2;-pipe;-isystem;/Users/pavelbednar/miniconda3/include
Id flags:  

The output was:
0


Compilation of the C compiler identification source "CMakeCCompilerId.c" produced "a.out"

The C compiler identification is Clang, found in "/Users/pavelbednar/Documents/FIT/NMAT/4._semestr/DIP/solver_ws1s/build/CMakeFiles/3.24.1/CompilerIdC/a.out"

Compiling the CXX compiler identification source file "CMakeCXXCompilerId.cpp" succeeded.
Compiler: /usr/bin/g++ 
Build flags: -march=core2;-mtune=haswell;-mssse3;-ftree-vectorize;-fPIC;-fPIE;-fstack-protector-strong;-O2;-pipe;-stdlib=libc++;-fvisibility-inlines-hidden;-std=c++14;-fmessage-length=0;-isystem;/Users/pavelbednar/miniconda3/include
Id flags:  

The output was:
0


Compilation of the CXX compiler identification source "CMakeCXXCompilerId.cpp" produced "a.out"

The CXX compiler identification is AppleClang, found in "/Users/pavelbednar/Documents/FIT/NMAT/4._semestr/DIP/solver_ws1s/build/CMakeFiles/3.24.1/CompilerIdCXX/a.out"

Detecting C compiler ABI info compiled with the following output:
Change Dir: /Users/pavelbednar/Documents/FIT/NMAT/4._semestr/DIP/solver_ws1s/build/CMakeFiles/CMakeTmp

Run Build Command(s):/Users/pavelbednar/miniconda3/bin/make -f Makefile cmTC_9db6e/fast && make[2]: Entering directory '/Users/pavelbednar/Documents/FIT/NMAT/4._semestr/DIP/solver_ws1s/build/CMakeFiles/CMakeTmp'
/Users/pavelbednar/miniconda3/bin/make  -f CMakeFiles/cmTC_9db6e.dir/build.make CMakeFiles/cmTC_9db6e.dir/build
make[3]: Entering directory '/Users/pavelbednar/Documents/FIT/NMAT/4._semestr/DIP/solver_ws1s/build/CMakeFiles/CMakeTmp'
Building C object CMakeFiles/cmTC_9db6e.dir/CMakeCCompilerABI.c.o
/Users/pavelbednar/miniconda3/bin/x86_64-apple-darwin13.4.0-clang   -march=core2 -mtune=haswell -mssse3 -ftree-vectorize -fPIC -fPIE -fstack-protector-strong -O2 -pipe -isystem /Users/pavelbednar/miniconda3/include  -isysroot /Library/Developer/CommandLineTools/SDKs/MacOSX.sdk   -v -Wl,-v -MD -MT CMakeFiles/cmTC_9db6e.dir/CMakeCCompilerABI.c.o -MF CMakeFiles/cmTC_9db6e.dir/CMakeCCompilerABI.c.o.d -o CMakeFiles/cmTC_9db6e.dir/CMakeCCompilerABI.c.o -c /usr/local/Cellar/cmake/3.24.1/share/cmake/Modules/CMakeCCompilerABI.c
clang version 12.0.1
Target: x86_64-apple-darwin13.4.0
Thread model: posix
InstalledDir: /Users/pavelbednar/miniconda3/bin
clang-12: warning: -Wl,-v: 'linker' input unused [-Wunused-command-line-argument]
 (in-process)
 "/Users/pavelbednar/miniconda3/bin/clang-12" -cc1 -triple x86_64-apple-macosx10.15.4 -Wundef-prefix=TARGET_OS_OSX -Werror=undef-prefix -Wdeprecated-objc-isa-usage -Werror=deprecated-objc-isa-usage -emit-obj --mrelax-relocations -disable-free -disable-llvm-verifier -discard-value-names -main-file-name CMakeCCompilerABI.c -mrelocation-model pic -pic-level 2 -mframe-pointer=all -fno-rounding-math -munwind-tables -target-sdk-version=10.15.4 -fcompatibility-qualified-id-block-type-checking -fvisibility-inlines-hidden-static-local-var -target-cpu core2 -target-feature +ssse3 -tune-cpu haswell -debugger-tuning=lldb -target-linker-version 530 -v -resource-dir /Users/pavelbednar/miniconda3/lib/clang/12.0.1 -dependency-file CMakeFiles/cmTC_9db6e.dir/CMakeCCompilerABI.c.o.d -MT CMakeFiles/cmTC_9db6e.dir/CMakeCCompilerABI.c.o -sys-header-deps -isystem /Users/pavelbednar/miniconda3/include -isysroot /Library/Developer/CommandLineTools/SDKs/MacOSX.sdk -internal-isystem /Library/Developer/CommandLineTools/SDKs/MacOSX.sdk/usr/local/include -internal-isystem /Users/pavelbednar/miniconda3/lib/clang/12.0.1/include -internal-externc-isystem /Library/Developer/CommandLineTools/SDKs/MacOSX.sdk/usr/include -O2 -fdebug-compilation-dir /Users/pavelbednar/Documents/FIT/NMAT/4._semestr/DIP/solver_ws1s/build/CMakeFiles/CMakeTmp -ferror-limit 19 -stack-protector 2 -fblocks -fencode-extended-block-signature -fregister-global-dtors-with-atexit -fgnuc-version=4.2.1 -fmax-type-align=16 -vectorize-loops -vectorize-slp -o CMakeFiles/cmTC_9db6e.dir/CMakeCCompilerABI.c.o -x c /usr/local/Cellar/cmake/3.24.1/share/cmake/Modules/CMakeCCompilerABI.c
clang -cc1 version 12.0.1 based upon LLVM 12.0.1 default target x86_64-apple-darwin23.0.0
ignoring nonexistent directory "/Library/Developer/CommandLineTools/SDKs/MacOSX.sdk/usr/local/include"
ignoring nonexistent directory "/Library/Developer/CommandLineTools/SDKs/MacOSX.sdk/Library/Frameworks"
#include "..." search starts here:
#include <...> search starts here:
 /Users/pavelbednar/miniconda3/include
 /Users/pavelbednar/miniconda3/lib/clang/12.0.1/include
 /Library/Developer/CommandLineTools/SDKs/MacOSX.sdk/usr/include
 /Library/Developer/CommandLineTools/SDKs/MacOSX.sdk/System/Library/Frameworks (framework directory)
End of search list.
Linking C executable cmTC_9db6e
/usr/local/Cellar/cmake/3.24.1/bin/cmake -E cmake_link_script CMakeFiles/cmTC_9db6e.dir/link.txt --verbose=1
/Users/pavelbednar/miniconda3/bin/x86_64-apple-darwin13.4.0-clang -march=core2 -mtune=haswell -mssse3 -ftree-vectorize -fPIC -fPIE -fstack-protector-strong -O2 -pipe -isystem /Users/pavelbednar/miniconda3/include  -isysroot /Library/Developer/CommandLineTools/SDKs/MacOSX.sdk -Wl,-search_paths_first -Wl,-headerpad_max_install_names -Wl,-pie -Wl,-headerpad_max_install_names -Wl,-dead_strip_dylibs -Wl,-rpath,/Users/pavelbednar/miniconda3/lib -L/Users/pavelbednar/miniconda3/lib -v -Wl,-v CMakeFiles/cmTC_9db6e.dir/CMakeCCompilerABI.c.o -o cmTC_9db6e 
clang version 12.0.1
Target: x86_64-apple-darwin13.4.0
Thread model: posix
InstalledDir: /Users/pavelbednar/miniconda3/bin
 "/Users/pavelbednar/miniconda3/bin/x86_64-apple-darwin13.4.0-ld" -demangle -lto_library /Users/pavelbednar/miniconda3/lib/libLTO.12.dylib -dynamic -arch x86_64 -platform_version macos 10.15.4 10.15.4 -pie -syslibroot /Library/Developer/CommandLineTools/SDKs/MacOSX.sdk -o cmTC_9db6e -L/Users/pavelbednar/miniconda3/lib -search_paths_first -headerpad_max_install_names -pie -headerpad_max_install_names -dead_strip_dylibs -rpath /Users/pavelbednar/miniconda3/lib -v CMakeFiles/cmTC_9db6e.dir/CMakeCCompilerABI.c.o -lSystem /Users/pavelbednar/miniconda3/lib/clang/12.0.1/lib/darwin/libclang_rt.osx.a
@(#)PROGRAM:ld  PROJECT:ld64-609
BUILD 21:07:21 Sep 14 2021
configured to support archs: armv6 armv7 armv7s arm64 arm64e arm64_32 i386 x86_64 x86_64h armv6m armv7k armv7m armv7em (tvOS)
Library search paths:
	/Users/pavelbednar/miniconda3/lib
	/Library/Developer/CommandLineTools/SDKs/MacOSX.sdk/usr/lib
Framework search paths:
	/Library/Developer/CommandLineTools/SDKs/MacOSX.sdk/System/Library/Frameworks/
make[3]: Leaving directory '/Users/pavelbednar/Documents/FIT/NMAT/4._semestr/DIP/solver_ws1s/build/CMakeFiles/CMakeTmp'
make[2]: Leaving directory '/Users/pavelbednar/Documents/FIT/NMAT/4._semestr/DIP/solver_ws1s/build/CMakeFiles/CMakeTmp'



Parsed C implicit include dir info from above output: rv=done
  found start of include info
  found start of implicit include info
    add: [/Users/pavelbednar/miniconda3/include]
    add: [/Users/pavelbednar/miniconda3/lib/clang/12.0.1/include]
    add: [/Library/Developer/CommandLineTools/SDKs/MacOSX.sdk/usr/include]
  end of search list found
  collapse include dir [/Users/pavelbednar/miniconda3/include] ==> [/Users/pavelbednar/miniconda3/include]
  collapse include dir [/Users/pavelbednar/miniconda3/lib/clang/12.0.1/include] ==> [/Users/pavelbednar/miniconda3/lib/clang/12.0.1/include]
  collapse include dir [/Library/Developer/CommandLineTools/SDKs/MacOSX.sdk/usr/include] ==> [/Library/Developer/CommandLineTools/SDKs/MacOSX.sdk/usr/include]
  implicit include dirs: [/Users/pavelbednar/miniconda3/include;/Users/pavelbednar/miniconda3/lib/clang/12.0.1/include;/Library/Developer/CommandLineTools/SDKs/MacOSX.sdk/usr/include]


Parsed C implicit link information from above output:
  link line regex: [^( *|.*[/\])(x86_64-apple-darwin13\.4\.0-ld|CMAKE_LINK_STARTFILE-NOTFOUND|([^/\]+-)?ld|collect2)[^/\]*( |$)]
  ignore line: [Change Dir: /Users/pavelbednar/Documents/FIT/NMAT/4._semestr/DIP/solver_ws1s/build/CMakeFiles/CMakeTmp]
  ignore line: []
  ignore line: [Run Build Command(s):/Users/pavelbednar/miniconda3/bin/make -f Makefile cmTC_9db6e/fast && make[2]: Entering directory '/Users/pavelbednar/Documents/FIT/NMAT/4._semestr/DIP/solver_ws1s/build/CMakeFiles/CMakeTmp']
  ignore line: [/Users/pavelbednar/miniconda3/bin/make  -f CMakeFiles/cmTC_9db6e.dir/build.make CMakeFiles/cmTC_9db6e.dir/build]
  ignore line: [make[3]: Entering directory '/Users/pavelbednar/Documents/FIT/NMAT/4._semestr/DIP/solver_ws1s/build/CMakeFiles/CMakeTmp']
  ignore line: [Building C object CMakeFiles/cmTC_9db6e.dir/CMakeCCompilerABI.c.o]
  ignore line: [/Users/pavelbednar/miniconda3/bin/x86_64-apple-darwin13.4.0-clang   -march=core2 -mtune=haswell -mssse3 -ftree-vectorize -fPIC -fPIE -fstack-protector-strong -O2 -pipe -isystem /Users/pavelbednar/miniconda3/include  -isysroot /Library/Developer/CommandLineTools/SDKs/MacOSX.sdk   -v -Wl -v -MD -MT CMakeFiles/cmTC_9db6e.dir/CMakeCCompilerABI.c.o -MF CMakeFiles/cmTC_9db6e.dir/CMakeCCompilerABI.c.o.d -o CMakeFiles/cmTC_9db6e.dir/CMakeCCompilerABI.c.o -c /usr/local/Cellar/cmake/3.24.1/share/cmake/Modules/CMakeCCompilerABI.c]
  ignore line: [clang version 12.0.1]
  ignore line: [Target: x86_64-apple-darwin13.4.0]
  ignore line: [Thread model: posix]
  ignore line: [InstalledDir: /Users/pavelbednar/miniconda3/bin]
  ignore line: [clang-12: warning: -Wl -v: 'linker' input unused [-Wunused-command-line-argument]]
  ignore line: [ (in-process)]
  ignore line: [ "/Users/pavelbednar/miniconda3/bin/clang-12" -cc1 -triple x86_64-apple-macosx10.15.4 -Wundef-prefix=TARGET_OS_OSX -Werror=undef-prefix -Wdeprecated-objc-isa-usage -Werror=deprecated-objc-isa-usage -emit-obj --mrelax-relocations -disable-free -disable-llvm-verifier -discard-value-names -main-file-name CMakeCCompilerABI.c -mrelocation-model pic -pic-level 2 -mframe-pointer=all -fno-rounding-math -munwind-tables -target-sdk-version=10.15.4 -fcompatibility-qualified-id-block-type-checking -fvisibility-inlines-hidden-static-local-var -target-cpu core2 -target-feature +ssse3 -tune-cpu haswell -debugger-tuning=lldb -target-linker-version 530 -v -resource-dir /Users/pavelbednar/miniconda3/lib/clang/12.0.1 -dependency-file CMakeFiles/cmTC_9db6e.dir/CMakeCCompilerABI.c.o.d -MT CMakeFiles/cmTC_9db6e.dir/CMakeCCompilerABI.c.o -sys-header-deps -isystem /Users/pavelbednar/miniconda3/include -isysroot /Library/Developer/CommandLineTools/SDKs/MacOSX.sdk -internal-isystem /Library/Developer/CommandLineTools/SDKs/MacOSX.sdk/usr/local/include -internal-isystem /Users/pavelbednar/miniconda3/lib/clang/12.0.1/include -internal-externc-isystem /Library/Developer/CommandLineTools/SDKs/MacOSX.sdk/usr/include -O2 -fdebug-compilation-dir /Users/pavelbednar/Documents/FIT/NMAT/4._semestr/DIP/solver_ws1s/build/CMakeFiles/CMakeTmp -ferror-limit 19 -stack-protector 2 -fblocks -fencode-extended-block-signature -fregister-global-dtors-with-atexit -fgnuc-version=4.2.1 -fmax-type-align=16 -vectorize-loops -vectorize-slp -o CMakeFiles/cmTC_9db6e.dir/CMakeCCompilerABI.c.o -x c /usr/local/Cellar/cmake/3.24.1/share/cmake/Modules/CMakeCCompilerABI.c]
  ignore line: [clang -cc1 version 12.0.1 based upon LLVM 12.0.1 default target x86_64-apple-darwin23.0.0]
  ignore line: [ignoring nonexistent directory "/Library/Developer/CommandLineTools/SDKs/MacOSX.sdk/usr/local/include"]
  ignore line: [ignoring nonexistent directory "/Library/Developer/CommandLineTools/SDKs/MacOSX.sdk/Library/Frameworks"]
  ignore line: [#include "..." search starts here:]
  ignore line: [#include <...> search starts here:]
  ignore line: [ /Users/pavelbednar/miniconda3/include]
  ignore line: [ /Users/pavelbednar/miniconda3/lib/clang/12.0.1/include]
  ignore line: [ /Library/Developer/CommandLineTools/SDKs/MacOSX.sdk/usr/include]
  ignore line: [ /Library/Developer/CommandLineTools/SDKs/MacOSX.sdk/System/Library/Frameworks (framework directory)]
  ignore line: [End of search list.]
  ignore line: [Linking C executable cmTC_9db6e]
  ignore line: [/usr/local/Cellar/cmake/3.24.1/bin/cmake -E cmake_link_script CMakeFiles/cmTC_9db6e.dir/link.txt --verbose=1]
  ignore line: [/Users/pavelbednar/miniconda3/bin/x86_64-apple-darwin13.4.0-clang -march=core2 -mtune=haswell -mssse3 -ftree-vectorize -fPIC -fPIE -fstack-protector-strong -O2 -pipe -isystem /Users/pavelbednar/miniconda3/include  -isysroot /Library/Developer/CommandLineTools/SDKs/MacOSX.sdk -Wl -search_paths_first -Wl -headerpad_max_install_names -Wl -pie -Wl -headerpad_max_install_names -Wl -dead_strip_dylibs -Wl -rpath /Users/pavelbednar/miniconda3/lib -L/Users/pavelbednar/miniconda3/lib -v -Wl -v CMakeFiles/cmTC_9db6e.dir/CMakeCCompilerABI.c.o -o cmTC_9db6e ]
  ignore line: [clang version 12.0.1]
  ignore line: [Target: x86_64-apple-darwin13.4.0]
  ignore line: [Thread model: posix]
  ignore line: [InstalledDir: /Users/pavelbednar/miniconda3/bin]
  link line: [ "/Users/pavelbednar/miniconda3/bin/x86_64-apple-darwin13.4.0-ld" -demangle -lto_library /Users/pavelbednar/miniconda3/lib/libLTO.12.dylib -dynamic -arch x86_64 -platform_version macos 10.15.4 10.15.4 -pie -syslibroot /Library/Developer/CommandLineTools/SDKs/MacOSX.sdk -o cmTC_9db6e -L/Users/pavelbednar/miniconda3/lib -search_paths_first -headerpad_max_install_names -pie -headerpad_max_install_names -dead_strip_dylibs -rpath /Users/pavelbednar/miniconda3/lib -v CMakeFiles/cmTC_9db6e.dir/CMakeCCompilerABI.c.o -lSystem /Users/pavelbednar/miniconda3/lib/clang/12.0.1/lib/darwin/libclang_rt.osx.a]
    arg [/Users/pavelbednar/miniconda3/bin/x86_64-apple-darwin13.4.0-ld] ==> ignore
    arg [-demangle] ==> ignore
    arg [-lto_library] ==> ignore, skip following value
    arg [/Users/pavelbednar/miniconda3/lib/libLTO.12.dylib] ==> skip value of -lto_library
    arg [-dynamic] ==> ignore
    arg [-arch] ==> ignore
    arg [x86_64] ==> ignore
    arg [-platform_version] ==> ignore
    arg [macos] ==> ignore
    arg [10.15.4] ==> ignore
    arg [10.15.4] ==> ignore
    arg [-pie] ==> ignore
    arg [-syslibroot] ==> ignore
    arg [/Library/Developer/CommandLineTools/SDKs/MacOSX.sdk] ==> ignore
    arg [-o] ==> ignore
    arg [cmTC_9db6e] ==> ignore
    arg [-L/Users/pavelbednar/miniconda3/lib] ==> dir [/Users/pavelbednar/miniconda3/lib]
    arg [-search_paths_first] ==> ignore
    arg [-headerpad_max_install_names] ==> ignore
    arg [-pie] ==> ignore
    arg [-headerpad_max_install_names] ==> ignore
    arg [-dead_strip_dylibs] ==> ignore
    arg [-rpath] ==> ignore
    arg [/Users/pavelbednar/miniconda3/lib] ==> ignore
    arg [-v] ==> ignore
    arg [CMakeFiles/cmTC_9db6e.dir/CMakeCCompilerABI.c.o] ==> ignore
    arg [-lSystem] ==> lib [System]
    arg [/Users/pavelbednar/miniconda3/lib/clang/12.0.1/lib/darwin/libclang_rt.osx.a] ==> lib [/Users/pavelbednar/miniconda3/lib/clang/12.0.1/lib/darwin/libclang_rt.osx.a]
  Library search paths: [;/Users/pavelbednar/miniconda3/lib;/Library/Developer/CommandLineTools/SDKs/MacOSX.sdk/usr/lib]
  Framework search paths: [;/Library/Developer/CommandLineTools/SDKs/MacOSX.sdk/System/Library/Frameworks/]
  remove lib [System]
  remove lib [/Users/pavelbednar/miniconda3/lib/clang/12.0.1/lib/darwin/libclang_rt.osx.a]
  collapse library dir [/Users/pavelbednar/miniconda3/lib] ==> [/Users/pavelbednar/miniconda3/lib]
  collapse library dir [/Users/pavelbednar/miniconda3/lib] ==> [/Users/pavelbednar/miniconda3/lib]
  collapse library dir [/Library/Developer/CommandLineTools/SDKs/MacOSX.sdk/usr/lib] ==> [/Library/Developer/CommandLineTools/SDKs/MacOSX.sdk/usr/lib]
  collapse framework dir [/Library/Developer/CommandLineTools/SDKs/MacOSX.sdk/System/Library/Frameworks/] ==> [/Library/Developer/CommandLineTools/SDKs/MacOSX.sdk/System/Library/Frameworks]
  implicit libs: []
  implicit objs: []
  implicit dirs: [/Users/pavelbednar/miniconda3/lib;/Library/Developer/CommandLineTools/SDKs/MacOSX.sdk/usr/lib]
  implicit fwks: [/Library/Developer/CommandLineTools/SDKs/MacOSX.sdk/System/Library/Frameworks]


Detecting CXX compiler ABI info compiled with the following output:
Change Dir: /Users/pavelbednar/Documents/FIT/NMAT/4._semestr/DIP/solver_ws1s/build/CMakeFiles/CMakeTmp

Run Build Command(s):/Users/pavelbednar/miniconda3/bin/make -f Makefile cmTC_ea676/fast && make[2]: Entering directory '/Users/pavelbednar/Documents/FIT/NMAT/4._semestr/DIP/solver_ws1s/build/CMakeFiles/CMakeTmp'
/Users/pavelbednar/miniconda3/bin/make  -f CMakeFiles/cmTC_ea676.dir/build.make CMakeFiles/cmTC_ea676.dir/build
make[3]: Entering directory '/Users/pavelbednar/Documents/FIT/NMAT/4._semestr/DIP/solver_ws1s/build/CMakeFiles/CMakeTmp'
Building CXX object CMakeFiles/cmTC_ea676.dir/CMakeCXXCompilerABI.cpp.o
/usr/bin/g++   -march=core2 -mtune=haswell -mssse3 -ftree-vectorize -fPIC -fPIE -fstack-protector-strong -O2 -pipe -stdlib=libc++ -fvisibility-inlines-hidden -std=c++14 -fmessage-length=0 -isystem /Users/pavelbednar/miniconda3/include  -isysroot /Library/Developer/CommandLineTools/SDKs/MacOSX.sdk   -v -Wl,-v -std=c++17 -MD -MT CMakeFiles/cmTC_ea676.dir/CMakeCXXCompilerABI.cpp.o -MF CMakeFiles/cmTC_ea676.dir/CMakeCXXCompilerABI.cpp.o.d -o CMakeFiles/cmTC_ea676.dir/CMakeCXXCompilerABI.cpp.o -c /usr/local/Cellar/cmake/3.24.1/share/cmake/Modules/CMakeCXXCompilerABI.cpp
Apple clang version 11.0.3 (clang-1103.0.32.59)
Target: x86_64-apple-darwin23.0.0
Thread model: posix
InstalledDir: /Library/Developer/CommandLineTools/usr/bin
clang: warning: -Wl,-v: 'linker' input unused [-Wunused-command-line-argument]
 "/Library/Developer/CommandLineTools/usr/bin/clang" -cc1 -triple x86_64-apple-macosx10.15.4 -Wdeprecated-objc-isa-usage -Werror=deprecated-objc-isa-usage -emit-obj -disable-free -disable-llvm-verifier -discard-value-names -main-file-name CMakeCXXCompilerABI.cpp -mrelocation-model pic -pic-level 2 -mthread-model posix -mframe-pointer=all -fno-strict-return -masm-verbose -munwind-tables -target-sdk-version=10.15.4 -target-cpu core2 -target-feature +ssse3 -dwarf-column-info -debugger-tuning=lldb -target-linker-version 556.6 -v -coverage-notes-file /Users/pavelbednar/Documents/FIT/NMAT/4._semestr/DIP/solver_ws1s/build/CMakeFiles/CMakeTmp/CMakeFiles/cmTC_ea676.dir/CMakeCXXCompilerABI.cpp.gcno -resource-dir /Library/Developer/CommandLineTools/usr/lib/clang/11.0.3 -dependency-file CMakeFiles/cmTC_ea676.dir/CMakeCXXCompilerABI.cpp.o.d -skip-unused-modulemap-deps -sys-header-deps -MT CMakeFiles/cmTC_ea676.dir/CMakeCXXCompilerABI.cpp.o -isystem /Users/pavelbednar/miniconda3/include -isysroot /Library/Developer/CommandLineTools/SDKs/MacOSX.sdk -stdlib=libc++ -internal-isystem /Library/Developer/CommandLineTools/usr/bin/../include/c++/v1 -internal-isystem /Library/Developer/CommandLineTools/SDKs/MacOSX.sdk/usr/include/c++/v1 -internal-isystem /Library/Developer/CommandLineTools/SDKs/MacOSX.sdk/usr/local/include -internal-isystem /Library/Developer/CommandLineTools/usr/lib/clang/11.0.3/include -internal-externc-isystem /Library/Developer/CommandLineTools/SDKs/MacOSX.sdk/usr/include -internal-externc-isystem /Library/Developer/CommandLineTools/usr/include -O2 -Wno-objc-signed-char-bool-implicit-int-conversion -Wno-extra-semi-stmt -Wno-quoted-include-in-framework-header -std=c++17 -fdeprecated-macro -fdebug-compilation-dir /Users/pavelbednar/Documents/FIT/NMAT/4._semestr/DIP/solver_ws1s/build/CMakeFiles/CMakeTmp -ferror-limit 19 -fmessage-length 0 -fvisibility-inlines-hidden -stack-protector 2 -fstack-check -mdarwin-stkchk-strong-link -fblocks -fencode-extended-block-signature -fregister-global-dtors-with-atexit -fobjc-runtime=macosx-10.15.4 -fcxx-exceptions -fexceptions -fmax-type-align=16 -fdiagnostics-show-option -vectorize-loops -vectorize-slp -o CMakeFiles/cmTC_ea676.dir/CMakeCXXCompilerABI.cpp.o -x c++ /usr/local/Cellar/cmake/3.24.1/share/cmake/Modules/CMakeCXXCompilerABI.cpp
clang -cc1 version 11.0.3 (clang-1103.0.32.59) default target x86_64-apple-darwin23.0.0
ignoring nonexistent directory "/Library/Developer/CommandLineTools/SDKs/MacOSX.sdk/usr/include/c++/v1"
ignoring nonexistent directory "/Library/Developer/CommandLineTools/SDKs/MacOSX.sdk/usr/local/include"
ignoring nonexistent directory "/Library/Developer/CommandLineTools/SDKs/MacOSX.sdk/Library/Frameworks"
#include "..." search starts here:
#include <...> search starts here:
 /Users/pavelbednar/miniconda3/include
 /Library/Developer/CommandLineTools/usr/bin/../include/c++/v1
 /Library/Developer/CommandLineTools/usr/lib/clang/11.0.3/include
 /Library/Developer/CommandLineTools/SDKs/MacOSX.sdk/usr/include
 /Library/Developer/CommandLineTools/usr/include
 /Library/Developer/CommandLineTools/SDKs/MacOSX.sdk/System/Library/Frameworks (framework directory)
End of search list.
Linking CXX executable cmTC_ea676
/usr/local/Cellar/cmake/3.24.1/bin/cmake -E cmake_link_script CMakeFiles/cmTC_ea676.dir/link.txt --verbose=1
/usr/bin/g++ -march=core2 -mtune=haswell -mssse3 -ftree-vectorize -fPIC -fPIE -fstack-protector-strong -O2 -pipe -stdlib=libc++ -fvisibility-inlines-hidden -std=c++14 -fmessage-length=0 -isystem /Users/pavelbednar/miniconda3/include  -isysroot /Library/Developer/CommandLineTools/SDKs/MacOSX.sdk -Wl,-search_paths_first -Wl,-headerpad_max_install_names -Wl,-pie -Wl,-headerpad_max_install_names -Wl,-dead_strip_dylibs -Wl,-rpath,/Users/pavelbednar/miniconda3/lib -L/Users/pavelbednar/miniconda3/lib -v -Wl,-v CMakeFiles/cmTC_ea676.dir/CMakeCXXCompilerABI.cpp.o -o cmTC_ea676 
Apple clang version 11.0.3 (clang-1103.0.32.59)
Target: x86_64-apple-darwin23.0.0
Thread model: posix
InstalledDir: /Library/Developer/CommandLineTools/usr/bin
 "/Library/Developer/CommandLineTools/usr/bin/ld" -demangle -lto_library /Library/Developer/CommandLineTools/usr/lib/libLTO.dylib -dynamic -arch x86_64 -platform_version macos 10.15.4 10.15.4 -pie -syslibroot /Library/Developer/CommandLineTools/SDKs/MacOSX.sdk -o cmTC_ea676 -L/Users/pavelbednar/miniconda3/lib -search_paths_first -headerpad_max_install_names -pie -headerpad_max_install_names -dead_strip_dylibs -rpath /Users/pavelbednar/miniconda3/lib -v CMakeFiles/cmTC_ea676.dir/CMakeCXXCompilerABI.cpp.o -lc++ -lSystem /Library/Developer/CommandLineTools/usr/lib/clang/11.0.3/lib/darwin/libclang_rt.osx.a
@(#)PROGRAM:ld  PROJECT:ld64-556.6
BUILD 13:10:29 Apr  7 2020
configured to support archs: armv6 armv7 armv7s arm64 arm64e arm64_32 i386 x86_64 x86_64h armv6m armv7k armv7m armv7em
Library search paths:
	/Users/pavelbednar/miniconda3/lib
	/Library/Developer/CommandLineTools/SDKs/MacOSX.sdk/usr/lib
Framework search paths:
	/Library/Developer/CommandLineTools/SDKs/MacOSX.sdk/System/Library/Frameworks/
make[3]: Leaving directory '/Users/pavelbednar/Documents/FIT/NMAT/4._semestr/DIP/solver_ws1s/build/CMakeFiles/CMakeTmp'
make[2]: Leaving directory '/Users/pavelbednar/Documents/FIT/NMAT/4._semestr/DIP/solver_ws1s/build/CMakeFiles/CMakeTmp'



Parsed CXX implicit include dir info from above output: rv=done
  found start of include info
  found start of implicit include info
    add: [/Users/pavelbednar/miniconda3/include]
    add: [/Library/Developer/CommandLineTools/usr/bin/../include/c++/v1]
    add: [/Library/Developer/CommandLineTools/usr/lib/clang/11.0.3/include]
    add: [/Library/Developer/CommandLineTools/SDKs/MacOSX.sdk/usr/include]
    add: [/Library/Developer/CommandLineTools/usr/include]
  end of search list found
  collapse include dir [/Users/pavelbednar/miniconda3/include] ==> [/Users/pavelbednar/miniconda3/include]
  collapse include dir [/Library/Developer/CommandLineTools/usr/bin/../include/c++/v1] ==> [/Library/Developer/CommandLineTools/usr/include/c++/v1]
  collapse include dir [/Library/Developer/CommandLineTools/usr/lib/clang/11.0.3/include] ==> [/Library/Developer/CommandLineTools/usr/lib/clang/11.0.3/include]
  collapse include dir [/Library/Developer/CommandLineTools/SDKs/MacOSX.sdk/usr/include] ==> [/Library/Developer/CommandLineTools/SDKs/MacOSX.sdk/usr/include]
  collapse include dir [/Library/Developer/CommandLineTools/usr/include] ==> [/Library/Developer/CommandLineTools/usr/include]
  implicit include dirs: [/Users/pavelbednar/miniconda3/include;/Library/Developer/CommandLineTools/usr/include/c++/v1;/Library/Developer/CommandLineTools/usr/lib/clang/11.0.3/include;/Library/Developer/CommandLineTools/SDKs/MacOSX.sdk/usr/include;/Library/Developer/CommandLineTools/usr/include]


Parsed CXX implicit link information from above output:
  link line regex: [^( *|.*[/\])(x86_64-apple-darwin13\.4\.0-ld|CMAKE_LINK_STARTFILE-NOTFOUND|([^/\]+-)?ld|collect2)[^/\]*( |$)]
  ignore line: [Change Dir: /Users/pavelbednar/Documents/FIT/NMAT/4._semestr/DIP/solver_ws1s/build/CMakeFiles/CMakeTmp]
  ignore line: []
  ignore line: [Run Build Command(s):/Users/pavelbednar/miniconda3/bin/make -f Makefile cmTC_ea676/fast && make[2]: Entering directory '/Users/pavelbednar/Documents/FIT/NMAT/4._semestr/DIP/solver_ws1s/build/CMakeFiles/CMakeTmp']
  ignore line: [/Users/pavelbednar/miniconda3/bin/make  -f CMakeFiles/cmTC_ea676.dir/build.make CMakeFiles/cmTC_ea676.dir/build]
  ignore line: [make[3]: Entering directory '/Users/pavelbednar/Documents/FIT/NMAT/4._semestr/DIP/solver_ws1s/build/CMakeFiles/CMakeTmp']
  ignore line: [Building CXX object CMakeFiles/cmTC_ea676.dir/CMakeCXXCompilerABI.cpp.o]
  ignore line: [/usr/bin/g++   -march=core2 -mtune=haswell -mssse3 -ftree-vectorize -fPIC -fPIE -fstack-protector-strong -O2 -pipe -stdlib=libc++ -fvisibility-inlines-hidden -std=c++14 -fmessage-length=0 -isystem /Users/pavelbednar/miniconda3/include  -isysroot /Library/Developer/CommandLineTools/SDKs/MacOSX.sdk   -v -Wl -v -std=c++17 -MD -MT CMakeFiles/cmTC_ea676.dir/CMakeCXXCompilerABI.cpp.o -MF CMakeFiles/cmTC_ea676.dir/CMakeCXXCompilerABI.cpp.o.d -o CMakeFiles/cmTC_ea676.dir/CMakeCXXCompilerABI.cpp.o -c /usr/local/Cellar/cmake/3.24.1/share/cmake/Modules/CMakeCXXCompilerABI.cpp]
  ignore line: [Apple clang version 11.0.3 (clang-1103.0.32.59)]
  ignore line: [Target: x86_64-apple-darwin23.0.0]
  ignore line: [Thread model: posix]
  ignore line: [InstalledDir: /Library/Developer/CommandLineTools/usr/bin]
  ignore line: [clang: warning: -Wl -v: 'linker' input unused [-Wunused-command-line-argument]]
  ignore line: [ "/Library/Developer/CommandLineTools/usr/bin/clang" -cc1 -triple x86_64-apple-macosx10.15.4 -Wdeprecated-objc-isa-usage -Werror=deprecated-objc-isa-usage -emit-obj -disable-free -disable-llvm-verifier -discard-value-names -main-file-name CMakeCXXCompilerABI.cpp -mrelocation-model pic -pic-level 2 -mthread-model posix -mframe-pointer=all -fno-strict-return -masm-verbose -munwind-tables -target-sdk-version=10.15.4 -target-cpu core2 -target-feature +ssse3 -dwarf-column-info -debugger-tuning=lldb -target-linker-version 556.6 -v -coverage-notes-file /Users/pavelbednar/Documents/FIT/NMAT/4._semestr/DIP/solver_ws1s/build/CMakeFiles/CMakeTmp/CMakeFiles/cmTC_ea676.dir/CMakeCXXCompilerABI.cpp.gcno -resource-dir /Library/Developer/CommandLineTools/usr/lib/clang/11.0.3 -dependency-file CMakeFiles/cmTC_ea676.dir/CMakeCXXCompilerABI.cpp.o.d -skip-unused-modulemap-deps -sys-header-deps -MT CMakeFiles/cmTC_ea676.dir/CMakeCXXCompilerABI.cpp.o -isystem /Users/pavelbednar/miniconda3/include -isysroot /Library/Developer/CommandLineTools/SDKs/MacOSX.sdk -stdlib=libc++ -internal-isystem /Library/Developer/CommandLineTools/usr/bin/../include/c++/v1 -internal-isystem /Library/Developer/CommandLineTools/SDKs/MacOSX.sdk/usr/include/c++/v1 -internal-isystem /Library/Developer/CommandLineTools/SDKs/MacOSX.sdk/usr/local/include -internal-isystem /Library/Developer/CommandLineTools/usr/lib/clang/11.0.3/include -internal-externc-isystem /Library/Developer/CommandLineTools/SDKs/MacOSX.sdk/usr/include -internal-externc-isystem /Library/Developer/CommandLineTools/usr/include -O2 -Wno-objc-signed-char-bool-implicit-int-conversion -Wno-extra-semi-stmt -Wno-quoted-include-in-framework-header -std=c++17 -fdeprecated-macro -fdebug-compilation-dir /Users/pavelbednar/Documents/FIT/NMAT/4._semestr/DIP/solver_ws1s/build/CMakeFiles/CMakeTmp -ferror-limit 19 -fmessage-length 0 -fvisibility-inlines-hidden -stack-protector 2 -fstack-check -mdarwin-stkchk-strong-link -fblocks -fencode-extended-block-signature -fregister-global-dtors-with-atexit -fobjc-runtime=macosx-10.15.4 -fcxx-exceptions -fexceptions -fmax-type-align=16 -fdiagnostics-show-option -vectorize-loops -vectorize-slp -o CMakeFiles/cmTC_ea676.dir/CMakeCXXCompilerABI.cpp.o -x c++ /usr/local/Cellar/cmake/3.24.1/share/cmake/Modules/CMakeCXXCompilerABI.cpp]
  ignore line: [clang -cc1 version 11.0.3 (clang-1103.0.32.59) default target x86_64-apple-darwin23.0.0]
  ignore line: [ignoring nonexistent directory "/Library/Developer/CommandLineTools/SDKs/MacOSX.sdk/usr/include/c++/v1"]
  ignore line: [ignoring nonexistent directory "/Library/Developer/CommandLineTools/SDKs/MacOSX.sdk/usr/local/include"]
  ignore line: [ignoring nonexistent directory "/Library/Developer/CommandLineTools/SDKs/MacOSX.sdk/Library/Frameworks"]
  ignore line: [#include "..." search starts here:]
  ignore line: [#include <...> search starts here:]
  ignore line: [ /Users/pavelbednar/miniconda3/include]
  ignore line: [ /Library/Developer/CommandLineTools/usr/bin/../include/c++/v1]
  ignore line: [ /Library/Developer/CommandLineTools/usr/lib/clang/11.0.3/include]
  ignore line: [ /Library/Developer/CommandLineTools/SDKs/MacOSX.sdk/usr/include]
  ignore line: [ /Library/Developer/CommandLineTools/usr/include]
  ignore line: [ /Library/Developer/CommandLineTools/SDKs/MacOSX.sdk/System/Library/Frameworks (framework directory)]
  ignore line: [End of search list.]
  ignore line: [Linking CXX executable cmTC_ea676]
  ignore line: [/usr/local/Cellar/cmake/3.24.1/bin/cmake -E cmake_link_script CMakeFiles/cmTC_ea676.dir/link.txt --verbose=1]
  ignore line: [/usr/bin/g++ -march=core2 -mtune=haswell -mssse3 -ftree-vectorize -fPIC -fPIE -fstack-protector-strong -O2 -pipe -stdlib=libc++ -fvisibility-inlines-hidden -std=c++14 -fmessage-length=0 -isystem /Users/pavelbednar/miniconda3/include  -isysroot /Library/Developer/CommandLineTools/SDKs/MacOSX.sdk -Wl -search_paths_first -Wl -headerpad_max_install_names -Wl -pie -Wl -headerpad_max_install_names -Wl -dead_strip_dylibs -Wl -rpath /Users/pavelbednar/miniconda3/lib -L/Users/pavelbednar/miniconda3/lib -v -Wl -v CMakeFiles/cmTC_ea676.dir/CMakeCXXCompilerABI.cpp.o -o cmTC_ea676 ]
  ignore line: [Apple clang version 11.0.3 (clang-1103.0.32.59)]
  ignore line: [Target: x86_64-apple-darwin23.0.0]
  ignore line: [Thread model: posix]
  ignore line: [InstalledDir: /Library/Developer/CommandLineTools/usr/bin]
  link line: [ "/Library/Developer/CommandLineTools/usr/bin/ld" -demangle -lto_library /Library/Developer/CommandLineTools/usr/lib/libLTO.dylib -dynamic -arch x86_64 -platform_version macos 10.15.4 10.15.4 -pie -syslibroot /Library/Developer/CommandLineTools/SDKs/MacOSX.sdk -o cmTC_ea676 -L/Users/pavelbednar/miniconda3/lib -search_paths_first -headerpad_max_install_names -pie -headerpad_max_install_names -dead_strip_dylibs -rpath /Users/pavelbednar/miniconda3/lib -v CMakeFiles/cmTC_ea676.dir/CMakeCXXCompilerABI.cpp.o -lc++ -lSystem /Library/Developer/CommandLineTools/usr/lib/clang/11.0.3/lib/darwin/libclang_rt.osx.a]
    arg [/Library/Developer/CommandLineTools/usr/bin/ld] ==> ignore
    arg [-demangle] ==> ignore
    arg [-lto_library] ==> ignore, skip following value
    arg [/Library/Developer/CommandLineTools/usr/lib/libLTO.dylib] ==> skip value of -lto_library
    arg [-dynamic] ==> ignore
    arg [-arch] ==> ignore
    arg [x86_64] ==> ignore
    arg [-platform_version] ==> ignore
    arg [macos] ==> ignore
    arg [10.15.4] ==> ignore
    arg [10.15.4] ==> ignore
    arg [-pie] ==> ignore
    arg [-syslibroot] ==> ignore
    arg [/Library/Developer/CommandLineTools/SDKs/MacOSX.sdk] ==> ignore
    arg [-o] ==> ignore
    arg [cmTC_ea676] ==> ignore
    arg [-L/Users/pavelbednar/miniconda3/lib] ==> dir [/Users/pavelbednar/miniconda3/lib]
    arg [-search_paths_first] ==> ignore
    arg [-headerpad_max_install_names] ==> ignore
    arg [-pie] ==> ignore
    arg [-headerpad_max_install_names] ==> ignore
    arg [-dead_strip_dylibs] ==> ignore
    arg [-rpath] ==> ignore
    arg [/Users/pavelbednar/miniconda3/lib] ==> ignore
    arg [-v] ==> ignore
    arg [CMakeFiles/cmTC_ea676.dir/CMakeCXXCompilerABI.cpp.o] ==> ignore
    arg [-lc++] ==> lib [c++]
    arg [-lSystem] ==> lib [System]
    arg [/Library/Developer/CommandLineTools/usr/lib/clang/11.0.3/lib/darwin/libclang_rt.osx.a] ==> lib [/Library/Developer/CommandLineTools/usr/lib/clang/11.0.3/lib/darwin/libclang_rt.osx.a]
  Library search paths: [;/Users/pavelbednar/miniconda3/lib;/Library/Developer/CommandLineTools/SDKs/MacOSX.sdk/usr/lib]
  Framework search paths: [;/Library/Developer/CommandLineTools/SDKs/MacOSX.sdk/System/Library/Frameworks/]
  remove lib [System]
  remove lib [/Library/Developer/CommandLineTools/usr/lib/clang/11.0.3/lib/darwin/libclang_rt.osx.a]
  collapse library dir [/Users/pavelbednar/miniconda3/lib] ==> [/Users/pavelbednar/miniconda3/lib]
  collapse library dir [/Users/pavelbednar/miniconda3/lib] ==> [/Users/pavelbednar/miniconda3/lib]
  collapse library dir [/Library/Developer/CommandLineTools/SDKs/MacOSX.sdk/usr/lib] ==> [/Library/Developer/CommandLineTools/SDKs/MacOSX.sdk/usr/lib]
  collapse framework dir [/Library/Developer/CommandLineTools/SDKs/MacOSX.sdk/System/Library/Frameworks/] ==> [/Library/Developer/CommandLineTools/SDKs/MacOSX.sdk/System/Library/Frameworks]
  implicit libs: [c++]
  implicit objs: []
  implicit dirs: [/Users/pavelbednar/miniconda3/lib;/Library/Developer/CommandLineTools/SDKs/MacOSX.sdk/usr/lib]
  implicit fwks: [/Library/Developer/CommandLineTools/SDKs/MacOSX.sdk/System/Library/Frameworks]


